{"/Users/chuckhagy/Projects/ch-backend/lib/resolvers/EntityResolver.js": {"path":"/Users/chuckhagy/Projects/ch-backend/lib/resolvers/EntityResolver.js","statementMap":{"0":{"start":{"line":3,"column":8},"end":{"line":3,"column":37}},"1":{"start":{"line":4,"column":8},"end":{"line":4,"column":43}},"2":{"start":{"line":5,"column":8},"end":{"line":5,"column":45}},"3":{"start":{"line":6,"column":8},"end":{"line":6,"column":47}},"4":{"start":{"line":7,"column":8},"end":{"line":7,"column":63}},"5":{"start":{"line":8,"column":8},"end":{"line":8,"column":87}},"6":{"start":{"line":9,"column":8},"end":{"line":9,"column":55}},"7":{"start":{"line":10,"column":8},"end":{"line":10,"column":51}},"8":{"start":{"line":11,"column":8},"end":{"line":11,"column":55}},"9":{"start":{"line":12,"column":8},"end":{"line":12,"column":61}},"10":{"start":{"line":13,"column":8},"end":{"line":13,"column":51}},"11":{"start":{"line":14,"column":8},"end":{"line":14,"column":69}},"12":{"start":{"line":15,"column":8},"end":{"line":15,"column":57}},"13":{"start":{"line":16,"column":8},"end":{"line":16,"column":57}},"14":{"start":{"line":17,"column":8},"end":{"line":17,"column":55}},"15":{"start":{"line":18,"column":8},"end":{"line":18,"column":53}},"16":{"start":{"line":19,"column":8},"end":{"line":19,"column":77}},"17":{"start":{"line":20,"column":8},"end":{"line":20,"column":69}},"18":{"start":{"line":21,"column":8},"end":{"line":21,"column":51}},"19":{"start":{"line":22,"column":8},"end":{"line":22,"column":45}},"20":{"start":{"line":23,"column":8},"end":{"line":23,"column":44}},"21":{"start":{"line":27,"column":8},"end":{"line":32,"column":9}},"22":{"start":{"line":28,"column":32},"end":{"line":28,"column":65}},"23":{"start":{"line":29,"column":12},"end":{"line":29,"column":30}},"24":{"start":{"line":31,"column":12},"end":{"line":31,"column":64}},"25":{"start":{"line":36,"column":8},"end":{"line":41,"column":9}},"26":{"start":{"line":37,"column":27},"end":{"line":37,"column":68}},"27":{"start":{"line":38,"column":12},"end":{"line":38,"column":25}},"28":{"start":{"line":40,"column":12},"end":{"line":40,"column":64}},"29":{"start":{"line":45,"column":8},"end":{"line":50,"column":9}},"30":{"start":{"line":46,"column":27},"end":{"line":46,"column":70}},"31":{"start":{"line":47,"column":12},"end":{"line":47,"column":25}},"32":{"start":{"line":49,"column":12},"end":{"line":49,"column":64}},"33":{"start":{"line":54,"column":8},"end":{"line":59,"column":9}},"34":{"start":{"line":55,"column":27},"end":{"line":55,"column":81}},"35":{"start":{"line":56,"column":12},"end":{"line":56,"column":25}},"36":{"start":{"line":58,"column":12},"end":{"line":58,"column":64}},"37":{"start":{"line":63,"column":8},"end":{"line":68,"column":9}},"38":{"start":{"line":64,"column":27},"end":{"line":64,"column":77}},"39":{"start":{"line":65,"column":12},"end":{"line":65,"column":25}},"40":{"start":{"line":67,"column":12},"end":{"line":67,"column":64}},"41":{"start":{"line":72,"column":8},"end":{"line":78,"column":9}},"42":{"start":{"line":73,"column":27},"end":{"line":73,"column":53}},"43":{"start":{"line":74,"column":27},"end":{"line":74,"column":69}},"44":{"start":{"line":75,"column":12},"end":{"line":75,"column":27}},"45":{"start":{"line":77,"column":12},"end":{"line":77,"column":64}},"46":{"start":{"line":82,"column":8},"end":{"line":88,"column":9}},"47":{"start":{"line":83,"column":25},"end":{"line":83,"column":34}},"48":{"start":{"line":84,"column":27},"end":{"line":84,"column":71}},"49":{"start":{"line":85,"column":12},"end":{"line":85,"column":27}},"50":{"start":{"line":87,"column":12},"end":{"line":87,"column":64}},"51":{"start":{"line":92,"column":8},"end":{"line":98,"column":9}},"52":{"start":{"line":93,"column":26},"end":{"line":93,"column":51}},"53":{"start":{"line":94,"column":27},"end":{"line":94,"column":68}},"54":{"start":{"line":95,"column":12},"end":{"line":95,"column":27}},"55":{"start":{"line":97,"column":12},"end":{"line":97,"column":64}},"56":{"start":{"line":102,"column":8},"end":{"line":108,"column":9}},"57":{"start":{"line":103,"column":25},"end":{"line":103,"column":34}},"58":{"start":{"line":104,"column":27},"end":{"line":104,"column":69}},"59":{"start":{"line":105,"column":12},"end":{"line":105,"column":27}},"60":{"start":{"line":107,"column":12},"end":{"line":107,"column":64}},"61":{"start":{"line":112,"column":8},"end":{"line":117,"column":9}},"62":{"start":{"line":113,"column":27},"end":{"line":113,"column":84}},"63":{"start":{"line":114,"column":12},"end":{"line":114,"column":25}},"64":{"start":{"line":116,"column":12},"end":{"line":116,"column":64}},"65":{"start":{"line":121,"column":8},"end":{"line":126,"column":9}},"66":{"start":{"line":122,"column":27},"end":{"line":122,"column":78}},"67":{"start":{"line":123,"column":12},"end":{"line":123,"column":25}},"68":{"start":{"line":125,"column":12},"end":{"line":125,"column":64}},"69":{"start":{"line":130,"column":8},"end":{"line":135,"column":9}},"70":{"start":{"line":131,"column":27},"end":{"line":131,"column":78}},"71":{"start":{"line":132,"column":12},"end":{"line":132,"column":25}},"72":{"start":{"line":134,"column":12},"end":{"line":134,"column":64}},"73":{"start":{"line":139,"column":8},"end":{"line":144,"column":9}},"74":{"start":{"line":140,"column":27},"end":{"line":140,"column":88}},"75":{"start":{"line":141,"column":12},"end":{"line":141,"column":25}},"76":{"start":{"line":143,"column":12},"end":{"line":143,"column":64}},"77":{"start":{"line":148,"column":8},"end":{"line":153,"column":9}},"78":{"start":{"line":149,"column":27},"end":{"line":149,"column":84}},"79":{"start":{"line":150,"column":12},"end":{"line":150,"column":25}},"80":{"start":{"line":152,"column":12},"end":{"line":152,"column":64}},"81":{"start":{"line":157,"column":8},"end":{"line":163,"column":9}},"82":{"start":{"line":158,"column":31},"end":{"line":158,"column":80}},"83":{"start":{"line":159,"column":12},"end":{"line":159,"column":29}},"84":{"start":{"line":162,"column":12},"end":{"line":162,"column":64}},"85":{"start":{"line":167,"column":8},"end":{"line":173,"column":9}},"86":{"start":{"line":168,"column":28},"end":{"line":168,"column":82}},"87":{"start":{"line":169,"column":12},"end":{"line":169,"column":26}},"88":{"start":{"line":172,"column":12},"end":{"line":172,"column":64}},"89":{"start":{"line":178,"column":8},"end":{"line":186,"column":9}},"90":{"start":{"line":179,"column":38},"end":{"line":179,"column":65}},"91":{"start":{"line":180,"column":27},"end":{"line":180,"column":88}},"92":{"start":{"line":181,"column":12},"end":{"line":181,"column":25}},"93":{"start":{"line":183,"column":12},"end":{"line":183,"column":135}},"94":{"start":{"line":183,"column":54},"end":{"line":183,"column":135}},"95":{"start":{"line":184,"column":12},"end":{"line":184,"column":69}},"96":{"start":{"line":184,"column":57},"end":{"line":184,"column":69}},"97":{"start":{"line":185,"column":12},"end":{"line":185,"column":64}},"98":{"start":{"line":190,"column":8},"end":{"line":196,"column":9}},"99":{"start":{"line":191,"column":38},"end":{"line":191,"column":65}},"100":{"start":{"line":192,"column":27},"end":{"line":192,"column":85}},"101":{"start":{"line":193,"column":12},"end":{"line":193,"column":25}},"102":{"start":{"line":195,"column":12},"end":{"line":195,"column":64}},"103":{"start":{"line":200,"column":8},"end":{"line":207,"column":9}},"104":{"start":{"line":202,"column":38},"end":{"line":202,"column":65}},"105":{"start":{"line":203,"column":27},"end":{"line":203,"column":85}},"106":{"start":{"line":204,"column":12},"end":{"line":204,"column":25}},"107":{"start":{"line":206,"column":12},"end":{"line":206,"column":64}},"108":{"start":{"line":212,"column":0},"end":{"line":212,"column":32}}},"fnMap":{"0":{"name":"(anonymous_0)","decl":{"start":{"line":2,"column":4},"end":{"line":2,"column":5}},"loc":{"start":{"line":2,"column":45},"end":{"line":24,"column":5}},"line":2},"1":{"name":"(anonymous_1)","decl":{"start":{"line":26,"column":4},"end":{"line":26,"column":5}},"loc":{"start":{"line":26,"column":40},"end":{"line":33,"column":5}},"line":26},"2":{"name":"(anonymous_2)","decl":{"start":{"line":35,"column":4},"end":{"line":35,"column":5}},"loc":{"start":{"line":35,"column":41},"end":{"line":42,"column":5}},"line":35},"3":{"name":"(anonymous_3)","decl":{"start":{"line":44,"column":4},"end":{"line":44,"column":5}},"loc":{"start":{"line":44,"column":61},"end":{"line":51,"column":5}},"line":44},"4":{"name":"(anonymous_4)","decl":{"start":{"line":53,"column":4},"end":{"line":53,"column":5}},"loc":{"start":{"line":53,"column":49},"end":{"line":60,"column":5}},"line":53},"5":{"name":"(anonymous_5)","decl":{"start":{"line":62,"column":4},"end":{"line":62,"column":5}},"loc":{"start":{"line":62,"column":45},"end":{"line":69,"column":5}},"line":62},"6":{"name":"(anonymous_6)","decl":{"start":{"line":71,"column":4},"end":{"line":71,"column":5}},"loc":{"start":{"line":71,"column":43},"end":{"line":79,"column":5}},"line":71},"7":{"name":"(anonymous_7)","decl":{"start":{"line":81,"column":4},"end":{"line":81,"column":5}},"loc":{"start":{"line":81,"column":45},"end":{"line":89,"column":5}},"line":81},"8":{"name":"(anonymous_8)","decl":{"start":{"line":91,"column":4},"end":{"line":91,"column":5}},"loc":{"start":{"line":91,"column":48},"end":{"line":99,"column":5}},"line":91},"9":{"name":"(anonymous_9)","decl":{"start":{"line":101,"column":4},"end":{"line":101,"column":5}},"loc":{"start":{"line":101,"column":43},"end":{"line":109,"column":5}},"line":101},"10":{"name":"(anonymous_10)","decl":{"start":{"line":111,"column":4},"end":{"line":111,"column":5}},"loc":{"start":{"line":111,"column":52},"end":{"line":118,"column":5}},"line":111},"11":{"name":"(anonymous_11)","decl":{"start":{"line":120,"column":4},"end":{"line":120,"column":5}},"loc":{"start":{"line":120,"column":46},"end":{"line":127,"column":5}},"line":120},"12":{"name":"(anonymous_12)","decl":{"start":{"line":129,"column":4},"end":{"line":129,"column":5}},"loc":{"start":{"line":129,"column":46},"end":{"line":136,"column":5}},"line":129},"13":{"name":"(anonymous_13)","decl":{"start":{"line":138,"column":4},"end":{"line":138,"column":5}},"loc":{"start":{"line":138,"column":56},"end":{"line":145,"column":5}},"line":138},"14":{"name":"(anonymous_14)","decl":{"start":{"line":147,"column":4},"end":{"line":147,"column":5}},"loc":{"start":{"line":147,"column":52},"end":{"line":154,"column":5}},"line":147},"15":{"name":"(anonymous_15)","decl":{"start":{"line":156,"column":4},"end":{"line":156,"column":5}},"loc":{"start":{"line":156,"column":45},"end":{"line":164,"column":5}},"line":156},"16":{"name":"(anonymous_16)","decl":{"start":{"line":166,"column":4},"end":{"line":166,"column":5}},"loc":{"start":{"line":166,"column":44},"end":{"line":174,"column":5}},"line":166},"17":{"name":"(anonymous_17)","decl":{"start":{"line":177,"column":4},"end":{"line":177,"column":5}},"loc":{"start":{"line":177,"column":43},"end":{"line":187,"column":5}},"line":177},"18":{"name":"(anonymous_18)","decl":{"start":{"line":189,"column":4},"end":{"line":189,"column":5}},"loc":{"start":{"line":189,"column":40},"end":{"line":197,"column":5}},"line":189},"19":{"name":"(anonymous_19)","decl":{"start":{"line":199,"column":4},"end":{"line":199,"column":5}},"loc":{"start":{"line":199,"column":40},"end":{"line":208,"column":5}},"line":199}},"branchMap":{"0":{"loc":{"start":{"line":183,"column":12},"end":{"line":183,"column":135}},"type":"if","locations":[{"start":{"line":183,"column":12},"end":{"line":183,"column":135}},{"start":{"line":183,"column":12},"end":{"line":183,"column":135}}],"line":183},"1":{"loc":{"start":{"line":184,"column":12},"end":{"line":184,"column":69}},"type":"if","locations":[{"start":{"line":184,"column":12},"end":{"line":184,"column":69}},{"start":{"line":184,"column":12},"end":{"line":184,"column":69}}],"line":184}},"s":{"0":1,"1":1,"2":1,"3":1,"4":1,"5":1,"6":1,"7":1,"8":1,"9":1,"10":1,"11":1,"12":1,"13":1,"14":1,"15":1,"16":1,"17":1,"18":1,"19":1,"20":1,"21":2,"22":2,"23":1,"24":1,"25":2,"26":2,"27":1,"28":1,"29":2,"30":2,"31":1,"32":1,"33":2,"34":2,"35":1,"36":1,"37":2,"38":2,"39":1,"40":1,"41":2,"42":2,"43":2,"44":1,"45":1,"46":2,"47":2,"48":2,"49":1,"50":1,"51":2,"52":2,"53":2,"54":1,"55":1,"56":2,"57":2,"58":2,"59":1,"60":1,"61":2,"62":2,"63":1,"64":1,"65":2,"66":2,"67":1,"68":1,"69":2,"70":2,"71":1,"72":1,"73":2,"74":2,"75":1,"76":1,"77":2,"78":2,"79":1,"80":1,"81":2,"82":2,"83":1,"84":1,"85":2,"86":2,"87":1,"88":1,"89":4,"90":4,"91":4,"92":1,"93":3,"94":1,"95":2,"96":1,"97":1,"98":2,"99":2,"100":2,"101":1,"102":1,"103":2,"104":2,"105":2,"106":1,"107":1,"108":1},"f":{"0":1,"1":2,"2":2,"3":2,"4":2,"5":2,"6":2,"7":2,"8":2,"9":2,"10":2,"11":2,"12":2,"13":2,"14":2,"15":2,"16":2,"17":4,"18":2,"19":2},"b":{"0":[1,2],"1":[1,1]},"_coverageSchema":"332fd63041d2c1bcb487cc26dd0d5f7d97098a6c","hash":"b8d69a13bc3f5345f9d65ce139f7cef09d4d6445"}
,"/Users/chuckhagy/Projects/ch-backend/lib/respositories/EntityRepository.js": {"path":"/Users/chuckhagy/Projects/ch-backend/lib/respositories/EntityRepository.js","statementMap":{"0":{"start":{"line":3,"column":8},"end":{"line":3,"column":38}},"1":{"start":{"line":4,"column":8},"end":{"line":4,"column":22}},"2":{"start":{"line":8,"column":8},"end":{"line":13,"column":9}},"3":{"start":{"line":9,"column":30},"end":{"line":9,"column":91}},"4":{"start":{"line":10,"column":12},"end":{"line":10,"column":31}},"5":{"start":{"line":12,"column":12},"end":{"line":12,"column":42}},"6":{"start":{"line":17,"column":8},"end":{"line":22,"column":9}},"7":{"start":{"line":18,"column":27},"end":{"line":18,"column":71}},"8":{"start":{"line":19,"column":12},"end":{"line":19,"column":26}},"9":{"start":{"line":21,"column":12},"end":{"line":21,"column":42}},"10":{"start":{"line":26,"column":8},"end":{"line":31,"column":9}},"11":{"start":{"line":27,"column":27},"end":{"line":27,"column":74}},"12":{"start":{"line":28,"column":12},"end":{"line":28,"column":26}},"13":{"start":{"line":30,"column":12},"end":{"line":30,"column":42}},"14":{"start":{"line":36,"column":8},"end":{"line":41,"column":9}},"15":{"start":{"line":37,"column":27},"end":{"line":37,"column":89}},"16":{"start":{"line":38,"column":12},"end":{"line":38,"column":26}},"17":{"start":{"line":40,"column":12},"end":{"line":40,"column":42}},"18":{"start":{"line":47,"column":8},"end":{"line":52,"column":9}},"19":{"start":{"line":48,"column":25},"end":{"line":48,"column":117}},"20":{"start":{"line":49,"column":12},"end":{"line":49,"column":26}},"21":{"start":{"line":51,"column":12},"end":{"line":51,"column":42}},"22":{"start":{"line":56,"column":8},"end":{"line":69,"column":9}},"23":{"start":{"line":57,"column":25},"end":{"line":65,"column":17}},"24":{"start":{"line":66,"column":12},"end":{"line":66,"column":26}},"25":{"start":{"line":68,"column":12},"end":{"line":68,"column":42}},"26":{"start":{"line":73,"column":8},"end":{"line":81,"column":9}},"27":{"start":{"line":74,"column":28},"end":{"line":76,"column":66}},"28":{"start":{"line":77,"column":12},"end":{"line":77,"column":28}},"29":{"start":{"line":80,"column":12},"end":{"line":80,"column":42}},"30":{"start":{"line":85,"column":8},"end":{"line":92,"column":9}},"31":{"start":{"line":86,"column":30},"end":{"line":87,"column":66}},"32":{"start":{"line":88,"column":12},"end":{"line":88,"column":30}},"33":{"start":{"line":91,"column":12},"end":{"line":91,"column":42}},"34":{"start":{"line":96,"column":8},"end":{"line":104,"column":9}},"35":{"start":{"line":97,"column":28},"end":{"line":99,"column":66}},"36":{"start":{"line":100,"column":12},"end":{"line":100,"column":28}},"37":{"start":{"line":103,"column":12},"end":{"line":103,"column":42}},"38":{"start":{"line":108,"column":8},"end":{"line":143,"column":9}},"39":{"start":{"line":110,"column":12},"end":{"line":139,"column":13}},"40":{"start":{"line":111,"column":16},"end":{"line":124,"column":22}},"41":{"start":{"line":126,"column":16},"end":{"line":138,"column":22}},"42":{"start":{"line":140,"column":12},"end":{"line":140,"column":26}},"43":{"start":{"line":142,"column":12},"end":{"line":142,"column":42}},"44":{"start":{"line":147,"column":8},"end":{"line":153,"column":9}},"45":{"start":{"line":148,"column":23},"end":{"line":148,"column":77}},"46":{"start":{"line":149,"column":12},"end":{"line":149,"column":23}},"47":{"start":{"line":152,"column":12},"end":{"line":152,"column":42}},"48":{"start":{"line":157,"column":8},"end":{"line":164,"column":9}},"49":{"start":{"line":158,"column":24},"end":{"line":159,"column":49}},"50":{"start":{"line":160,"column":12},"end":{"line":160,"column":24}},"51":{"start":{"line":163,"column":12},"end":{"line":163,"column":42}},"52":{"start":{"line":168,"column":8},"end":{"line":175,"column":9}},"53":{"start":{"line":169,"column":24},"end":{"line":170,"column":48}},"54":{"start":{"line":171,"column":12},"end":{"line":171,"column":24}},"55":{"start":{"line":174,"column":12},"end":{"line":174,"column":42}},"56":{"start":{"line":179,"column":8},"end":{"line":186,"column":9}},"57":{"start":{"line":180,"column":24},"end":{"line":181,"column":46}},"58":{"start":{"line":182,"column":12},"end":{"line":182,"column":24}},"59":{"start":{"line":185,"column":12},"end":{"line":185,"column":42}},"60":{"start":{"line":191,"column":8},"end":{"line":196,"column":9}},"61":{"start":{"line":192,"column":27},"end":{"line":192,"column":77}},"62":{"start":{"line":193,"column":12},"end":{"line":193,"column":26}},"63":{"start":{"line":195,"column":12},"end":{"line":195,"column":42}},"64":{"start":{"line":200,"column":17},"end":{"line":200,"column":24}},"65":{"start":{"line":201,"column":8},"end":{"line":201,"column":23}},"66":{"start":{"line":202,"column":8},"end":{"line":207,"column":9}},"67":{"start":{"line":203,"column":27},"end":{"line":203,"column":89}},"68":{"start":{"line":204,"column":12},"end":{"line":204,"column":44}},"69":{"start":{"line":206,"column":12},"end":{"line":206,"column":42}},"70":{"start":{"line":212,"column":17},"end":{"line":212,"column":24}},"71":{"start":{"line":213,"column":8},"end":{"line":213,"column":23}},"72":{"start":{"line":214,"column":8},"end":{"line":222,"column":9}},"73":{"start":{"line":215,"column":27},"end":{"line":218,"column":31}},"74":{"start":{"line":219,"column":12},"end":{"line":219,"column":44}},"75":{"start":{"line":221,"column":12},"end":{"line":221,"column":42}},"76":{"start":{"line":226,"column":8},"end":{"line":233,"column":9}},"77":{"start":{"line":227,"column":28},"end":{"line":229,"column":33}},"78":{"start":{"line":230,"column":12},"end":{"line":230,"column":26}},"79":{"start":{"line":232,"column":12},"end":{"line":232,"column":42}},"80":{"start":{"line":237,"column":8},"end":{"line":243,"column":9}},"81":{"start":{"line":238,"column":27},"end":{"line":238,"column":80}},"82":{"start":{"line":239,"column":12},"end":{"line":239,"column":26}},"83":{"start":{"line":242,"column":12},"end":{"line":242,"column":42}},"84":{"start":{"line":247,"column":8},"end":{"line":253,"column":9}},"85":{"start":{"line":248,"column":27},"end":{"line":248,"column":99}},"86":{"start":{"line":249,"column":12},"end":{"line":249,"column":26}},"87":{"start":{"line":252,"column":12},"end":{"line":252,"column":42}},"88":{"start":{"line":257,"column":8},"end":{"line":263,"column":9}},"89":{"start":{"line":258,"column":27},"end":{"line":258,"column":98}},"90":{"start":{"line":259,"column":12},"end":{"line":259,"column":26}},"91":{"start":{"line":262,"column":12},"end":{"line":262,"column":42}},"92":{"start":{"line":267,"column":8},"end":{"line":273,"column":9}},"93":{"start":{"line":268,"column":27},"end":{"line":268,"column":96}},"94":{"start":{"line":269,"column":12},"end":{"line":269,"column":26}},"95":{"start":{"line":272,"column":12},"end":{"line":272,"column":42}},"96":{"start":{"line":278,"column":0},"end":{"line":278,"column":34}}},"fnMap":{"0":{"name":"(anonymous_0)","decl":{"start":{"line":2,"column":4},"end":{"line":2,"column":5}},"loc":{"start":{"line":2,"column":34},"end":{"line":5,"column":5}},"line":2},"1":{"name":"(anonymous_1)","decl":{"start":{"line":7,"column":4},"end":{"line":7,"column":5}},"loc":{"start":{"line":7,"column":30},"end":{"line":14,"column":5}},"line":7},"2":{"name":"(anonymous_2)","decl":{"start":{"line":16,"column":4},"end":{"line":16,"column":5}},"loc":{"start":{"line":16,"column":22},"end":{"line":23,"column":5}},"line":16},"3":{"name":"(anonymous_3)","decl":{"start":{"line":25,"column":4},"end":{"line":25,"column":5}},"loc":{"start":{"line":25,"column":28},"end":{"line":32,"column":5}},"line":25},"4":{"name":"(anonymous_4)","decl":{"start":{"line":35,"column":4},"end":{"line":35,"column":5}},"loc":{"start":{"line":35,"column":46},"end":{"line":42,"column":5}},"line":35},"5":{"name":"(anonymous_5)","decl":{"start":{"line":46,"column":4},"end":{"line":46,"column":5}},"loc":{"start":{"line":46,"column":62},"end":{"line":53,"column":5}},"line":46},"6":{"name":"(anonymous_6)","decl":{"start":{"line":55,"column":4},"end":{"line":55,"column":5}},"loc":{"start":{"line":55,"column":43},"end":{"line":70,"column":5}},"line":55},"7":{"name":"(anonymous_7)","decl":{"start":{"line":72,"column":4},"end":{"line":72,"column":5}},"loc":{"start":{"line":72,"column":31},"end":{"line":82,"column":5}},"line":72},"8":{"name":"(anonymous_8)","decl":{"start":{"line":84,"column":4},"end":{"line":84,"column":5}},"loc":{"start":{"line":84,"column":33},"end":{"line":93,"column":5}},"line":84},"9":{"name":"(anonymous_9)","decl":{"start":{"line":95,"column":4},"end":{"line":95,"column":5}},"loc":{"start":{"line":95,"column":31},"end":{"line":105,"column":5}},"line":95},"10":{"name":"(anonymous_10)","decl":{"start":{"line":107,"column":4},"end":{"line":107,"column":5}},"loc":{"start":{"line":107,"column":77},"end":{"line":144,"column":5}},"line":107},"11":{"name":"(anonymous_11)","decl":{"start":{"line":146,"column":4},"end":{"line":146,"column":5}},"loc":{"start":{"line":146,"column":42},"end":{"line":154,"column":5}},"line":146},"12":{"name":"(anonymous_12)","decl":{"start":{"line":156,"column":4},"end":{"line":156,"column":5}},"loc":{"start":{"line":156,"column":59},"end":{"line":165,"column":5}},"line":156},"13":{"name":"(anonymous_13)","decl":{"start":{"line":167,"column":4},"end":{"line":167,"column":5}},"loc":{"start":{"line":167,"column":53},"end":{"line":176,"column":5}},"line":167},"14":{"name":"(anonymous_14)","decl":{"start":{"line":178,"column":4},"end":{"line":178,"column":5}},"loc":{"start":{"line":178,"column":54},"end":{"line":187,"column":5}},"line":178},"15":{"name":"(anonymous_15)","decl":{"start":{"line":190,"column":4},"end":{"line":190,"column":5}},"loc":{"start":{"line":190,"column":26},"end":{"line":197,"column":5}},"line":190},"16":{"name":"(anonymous_16)","decl":{"start":{"line":199,"column":4},"end":{"line":199,"column":5}},"loc":{"start":{"line":199,"column":23},"end":{"line":208,"column":5}},"line":199},"17":{"name":"(anonymous_17)","decl":{"start":{"line":211,"column":4},"end":{"line":211,"column":5}},"loc":{"start":{"line":211,"column":23},"end":{"line":223,"column":5}},"line":211},"18":{"name":"(anonymous_18)","decl":{"start":{"line":225,"column":4},"end":{"line":225,"column":5}},"loc":{"start":{"line":225,"column":30},"end":{"line":234,"column":5}},"line":225},"19":{"name":"(anonymous_19)","decl":{"start":{"line":236,"column":4},"end":{"line":236,"column":5}},"loc":{"start":{"line":236,"column":25},"end":{"line":244,"column":5}},"line":236},"20":{"name":"(anonymous_20)","decl":{"start":{"line":246,"column":4},"end":{"line":246,"column":5}},"loc":{"start":{"line":246,"column":50},"end":{"line":254,"column":5}},"line":246},"21":{"name":"(anonymous_21)","decl":{"start":{"line":256,"column":4},"end":{"line":256,"column":5}},"loc":{"start":{"line":256,"column":48},"end":{"line":264,"column":5}},"line":256},"22":{"name":"(anonymous_22)","decl":{"start":{"line":266,"column":4},"end":{"line":266,"column":5}},"loc":{"start":{"line":266,"column":47},"end":{"line":274,"column":5}},"line":266}},"branchMap":{"0":{"loc":{"start":{"line":110,"column":12},"end":{"line":139,"column":13}},"type":"if","locations":[{"start":{"line":110,"column":12},"end":{"line":139,"column":13}},{"start":{"line":110,"column":12},"end":{"line":139,"column":13}}],"line":110}},"s":{"0":1,"1":1,"2":2,"3":2,"4":1,"5":1,"6":2,"7":2,"8":1,"9":1,"10":2,"11":2,"12":1,"13":1,"14":2,"15":2,"16":1,"17":1,"18":2,"19":2,"20":1,"21":1,"22":2,"23":2,"24":1,"25":1,"26":2,"27":2,"28":1,"29":1,"30":2,"31":2,"32":1,"33":1,"34":2,"35":2,"36":1,"37":1,"38":3,"39":3,"40":1,"41":2,"42":2,"43":1,"44":2,"45":2,"46":1,"47":1,"48":2,"49":2,"50":1,"51":1,"52":2,"53":2,"54":1,"55":1,"56":2,"57":2,"58":1,"59":1,"60":2,"61":2,"62":1,"63":1,"64":2,"65":2,"66":2,"67":2,"68":1,"69":1,"70":2,"71":2,"72":2,"73":2,"74":1,"75":1,"76":2,"77":2,"78":1,"79":1,"80":2,"81":2,"82":1,"83":1,"84":2,"85":2,"86":1,"87":1,"88":2,"89":2,"90":1,"91":1,"92":2,"93":2,"94":1,"95":1,"96":1},"f":{"0":1,"1":2,"2":2,"3":2,"4":2,"5":2,"6":2,"7":2,"8":2,"9":2,"10":3,"11":2,"12":2,"13":2,"14":2,"15":2,"16":2,"17":2,"18":2,"19":2,"20":2,"21":2,"22":2},"b":{"0":[1,2]},"_coverageSchema":"332fd63041d2c1bcb487cc26dd0d5f7d97098a6c","hash":"1c6c43091b92b6554709dc7e271aa1c63ea793f1"}
}
