{"/Users/chuckhagy/Projects/ch-backend/lib/respositories/EntityRepository.js": {"path":"/Users/chuckhagy/Projects/ch-backend/lib/respositories/EntityRepository.js","statementMap":{"0":{"start":{"line":3,"column":8},"end":{"line":3,"column":38}},"1":{"start":{"line":4,"column":8},"end":{"line":4,"column":22}},"2":{"start":{"line":8,"column":8},"end":{"line":13,"column":9}},"3":{"start":{"line":9,"column":30},"end":{"line":9,"column":91}},"4":{"start":{"line":10,"column":12},"end":{"line":10,"column":31}},"5":{"start":{"line":12,"column":12},"end":{"line":12,"column":42}},"6":{"start":{"line":17,"column":8},"end":{"line":22,"column":9}},"7":{"start":{"line":18,"column":27},"end":{"line":18,"column":71}},"8":{"start":{"line":19,"column":12},"end":{"line":19,"column":26}},"9":{"start":{"line":21,"column":12},"end":{"line":21,"column":42}},"10":{"start":{"line":26,"column":8},"end":{"line":31,"column":9}},"11":{"start":{"line":27,"column":27},"end":{"line":27,"column":74}},"12":{"start":{"line":28,"column":12},"end":{"line":28,"column":26}},"13":{"start":{"line":30,"column":12},"end":{"line":30,"column":42}},"14":{"start":{"line":36,"column":8},"end":{"line":41,"column":9}},"15":{"start":{"line":37,"column":27},"end":{"line":37,"column":89}},"16":{"start":{"line":38,"column":12},"end":{"line":38,"column":26}},"17":{"start":{"line":40,"column":12},"end":{"line":40,"column":42}},"18":{"start":{"line":47,"column":8},"end":{"line":52,"column":9}},"19":{"start":{"line":48,"column":25},"end":{"line":48,"column":117}},"20":{"start":{"line":49,"column":12},"end":{"line":49,"column":26}},"21":{"start":{"line":51,"column":12},"end":{"line":51,"column":42}},"22":{"start":{"line":56,"column":8},"end":{"line":69,"column":9}},"23":{"start":{"line":57,"column":25},"end":{"line":65,"column":17}},"24":{"start":{"line":66,"column":12},"end":{"line":66,"column":26}},"25":{"start":{"line":68,"column":12},"end":{"line":68,"column":42}},"26":{"start":{"line":73,"column":8},"end":{"line":81,"column":9}},"27":{"start":{"line":74,"column":28},"end":{"line":76,"column":66}},"28":{"start":{"line":77,"column":12},"end":{"line":77,"column":28}},"29":{"start":{"line":80,"column":12},"end":{"line":80,"column":42}},"30":{"start":{"line":85,"column":8},"end":{"line":92,"column":9}},"31":{"start":{"line":86,"column":30},"end":{"line":87,"column":66}},"32":{"start":{"line":88,"column":12},"end":{"line":88,"column":30}},"33":{"start":{"line":91,"column":12},"end":{"line":91,"column":42}},"34":{"start":{"line":96,"column":8},"end":{"line":104,"column":9}},"35":{"start":{"line":97,"column":28},"end":{"line":99,"column":66}},"36":{"start":{"line":100,"column":12},"end":{"line":100,"column":28}},"37":{"start":{"line":103,"column":12},"end":{"line":103,"column":42}},"38":{"start":{"line":108,"column":8},"end":{"line":143,"column":9}},"39":{"start":{"line":110,"column":12},"end":{"line":139,"column":13}},"40":{"start":{"line":111,"column":16},"end":{"line":124,"column":22}},"41":{"start":{"line":126,"column":16},"end":{"line":138,"column":22}},"42":{"start":{"line":140,"column":12},"end":{"line":140,"column":26}},"43":{"start":{"line":142,"column":12},"end":{"line":142,"column":42}},"44":{"start":{"line":147,"column":8},"end":{"line":153,"column":9}},"45":{"start":{"line":148,"column":23},"end":{"line":148,"column":77}},"46":{"start":{"line":149,"column":12},"end":{"line":149,"column":23}},"47":{"start":{"line":152,"column":12},"end":{"line":152,"column":42}},"48":{"start":{"line":157,"column":8},"end":{"line":164,"column":9}},"49":{"start":{"line":158,"column":24},"end":{"line":159,"column":49}},"50":{"start":{"line":160,"column":12},"end":{"line":160,"column":24}},"51":{"start":{"line":163,"column":12},"end":{"line":163,"column":42}},"52":{"start":{"line":168,"column":8},"end":{"line":175,"column":9}},"53":{"start":{"line":169,"column":24},"end":{"line":170,"column":48}},"54":{"start":{"line":171,"column":12},"end":{"line":171,"column":24}},"55":{"start":{"line":174,"column":12},"end":{"line":174,"column":42}},"56":{"start":{"line":179,"column":8},"end":{"line":186,"column":9}},"57":{"start":{"line":180,"column":24},"end":{"line":181,"column":46}},"58":{"start":{"line":182,"column":12},"end":{"line":182,"column":24}},"59":{"start":{"line":185,"column":12},"end":{"line":185,"column":42}},"60":{"start":{"line":191,"column":8},"end":{"line":196,"column":9}},"61":{"start":{"line":192,"column":27},"end":{"line":192,"column":77}},"62":{"start":{"line":193,"column":12},"end":{"line":193,"column":26}},"63":{"start":{"line":195,"column":12},"end":{"line":195,"column":42}},"64":{"start":{"line":200,"column":17},"end":{"line":200,"column":24}},"65":{"start":{"line":201,"column":8},"end":{"line":201,"column":23}},"66":{"start":{"line":202,"column":8},"end":{"line":207,"column":9}},"67":{"start":{"line":203,"column":27},"end":{"line":203,"column":89}},"68":{"start":{"line":204,"column":12},"end":{"line":204,"column":44}},"69":{"start":{"line":206,"column":12},"end":{"line":206,"column":42}},"70":{"start":{"line":212,"column":17},"end":{"line":212,"column":24}},"71":{"start":{"line":213,"column":8},"end":{"line":213,"column":23}},"72":{"start":{"line":214,"column":8},"end":{"line":222,"column":9}},"73":{"start":{"line":215,"column":27},"end":{"line":218,"column":31}},"74":{"start":{"line":219,"column":12},"end":{"line":219,"column":44}},"75":{"start":{"line":221,"column":12},"end":{"line":221,"column":42}},"76":{"start":{"line":226,"column":8},"end":{"line":233,"column":9}},"77":{"start":{"line":227,"column":28},"end":{"line":229,"column":33}},"78":{"start":{"line":230,"column":12},"end":{"line":230,"column":26}},"79":{"start":{"line":232,"column":12},"end":{"line":232,"column":42}},"80":{"start":{"line":237,"column":8},"end":{"line":243,"column":9}},"81":{"start":{"line":238,"column":27},"end":{"line":238,"column":80}},"82":{"start":{"line":239,"column":12},"end":{"line":239,"column":26}},"83":{"start":{"line":242,"column":12},"end":{"line":242,"column":42}},"84":{"start":{"line":247,"column":8},"end":{"line":253,"column":9}},"85":{"start":{"line":248,"column":27},"end":{"line":248,"column":99}},"86":{"start":{"line":249,"column":12},"end":{"line":249,"column":26}},"87":{"start":{"line":252,"column":12},"end":{"line":252,"column":42}},"88":{"start":{"line":257,"column":8},"end":{"line":263,"column":9}},"89":{"start":{"line":258,"column":27},"end":{"line":258,"column":98}},"90":{"start":{"line":259,"column":12},"end":{"line":259,"column":26}},"91":{"start":{"line":262,"column":12},"end":{"line":262,"column":42}},"92":{"start":{"line":267,"column":8},"end":{"line":273,"column":9}},"93":{"start":{"line":268,"column":27},"end":{"line":268,"column":96}},"94":{"start":{"line":269,"column":12},"end":{"line":269,"column":26}},"95":{"start":{"line":272,"column":12},"end":{"line":272,"column":42}},"96":{"start":{"line":278,"column":0},"end":{"line":278,"column":34}}},"fnMap":{"0":{"name":"(anonymous_0)","decl":{"start":{"line":2,"column":4},"end":{"line":2,"column":5}},"loc":{"start":{"line":2,"column":34},"end":{"line":5,"column":5}},"line":2},"1":{"name":"(anonymous_1)","decl":{"start":{"line":7,"column":4},"end":{"line":7,"column":5}},"loc":{"start":{"line":7,"column":30},"end":{"line":14,"column":5}},"line":7},"2":{"name":"(anonymous_2)","decl":{"start":{"line":16,"column":4},"end":{"line":16,"column":5}},"loc":{"start":{"line":16,"column":22},"end":{"line":23,"column":5}},"line":16},"3":{"name":"(anonymous_3)","decl":{"start":{"line":25,"column":4},"end":{"line":25,"column":5}},"loc":{"start":{"line":25,"column":28},"end":{"line":32,"column":5}},"line":25},"4":{"name":"(anonymous_4)","decl":{"start":{"line":35,"column":4},"end":{"line":35,"column":5}},"loc":{"start":{"line":35,"column":46},"end":{"line":42,"column":5}},"line":35},"5":{"name":"(anonymous_5)","decl":{"start":{"line":46,"column":4},"end":{"line":46,"column":5}},"loc":{"start":{"line":46,"column":62},"end":{"line":53,"column":5}},"line":46},"6":{"name":"(anonymous_6)","decl":{"start":{"line":55,"column":4},"end":{"line":55,"column":5}},"loc":{"start":{"line":55,"column":43},"end":{"line":70,"column":5}},"line":55},"7":{"name":"(anonymous_7)","decl":{"start":{"line":72,"column":4},"end":{"line":72,"column":5}},"loc":{"start":{"line":72,"column":31},"end":{"line":82,"column":5}},"line":72},"8":{"name":"(anonymous_8)","decl":{"start":{"line":84,"column":4},"end":{"line":84,"column":5}},"loc":{"start":{"line":84,"column":33},"end":{"line":93,"column":5}},"line":84},"9":{"name":"(anonymous_9)","decl":{"start":{"line":95,"column":4},"end":{"line":95,"column":5}},"loc":{"start":{"line":95,"column":31},"end":{"line":105,"column":5}},"line":95},"10":{"name":"(anonymous_10)","decl":{"start":{"line":107,"column":4},"end":{"line":107,"column":5}},"loc":{"start":{"line":107,"column":77},"end":{"line":144,"column":5}},"line":107},"11":{"name":"(anonymous_11)","decl":{"start":{"line":146,"column":4},"end":{"line":146,"column":5}},"loc":{"start":{"line":146,"column":42},"end":{"line":154,"column":5}},"line":146},"12":{"name":"(anonymous_12)","decl":{"start":{"line":156,"column":4},"end":{"line":156,"column":5}},"loc":{"start":{"line":156,"column":59},"end":{"line":165,"column":5}},"line":156},"13":{"name":"(anonymous_13)","decl":{"start":{"line":167,"column":4},"end":{"line":167,"column":5}},"loc":{"start":{"line":167,"column":53},"end":{"line":176,"column":5}},"line":167},"14":{"name":"(anonymous_14)","decl":{"start":{"line":178,"column":4},"end":{"line":178,"column":5}},"loc":{"start":{"line":178,"column":54},"end":{"line":187,"column":5}},"line":178},"15":{"name":"(anonymous_15)","decl":{"start":{"line":190,"column":4},"end":{"line":190,"column":5}},"loc":{"start":{"line":190,"column":26},"end":{"line":197,"column":5}},"line":190},"16":{"name":"(anonymous_16)","decl":{"start":{"line":199,"column":4},"end":{"line":199,"column":5}},"loc":{"start":{"line":199,"column":23},"end":{"line":208,"column":5}},"line":199},"17":{"name":"(anonymous_17)","decl":{"start":{"line":211,"column":4},"end":{"line":211,"column":5}},"loc":{"start":{"line":211,"column":23},"end":{"line":223,"column":5}},"line":211},"18":{"name":"(anonymous_18)","decl":{"start":{"line":225,"column":4},"end":{"line":225,"column":5}},"loc":{"start":{"line":225,"column":30},"end":{"line":234,"column":5}},"line":225},"19":{"name":"(anonymous_19)","decl":{"start":{"line":236,"column":4},"end":{"line":236,"column":5}},"loc":{"start":{"line":236,"column":25},"end":{"line":244,"column":5}},"line":236},"20":{"name":"(anonymous_20)","decl":{"start":{"line":246,"column":4},"end":{"line":246,"column":5}},"loc":{"start":{"line":246,"column":50},"end":{"line":254,"column":5}},"line":246},"21":{"name":"(anonymous_21)","decl":{"start":{"line":256,"column":4},"end":{"line":256,"column":5}},"loc":{"start":{"line":256,"column":48},"end":{"line":264,"column":5}},"line":256},"22":{"name":"(anonymous_22)","decl":{"start":{"line":266,"column":4},"end":{"line":266,"column":5}},"loc":{"start":{"line":266,"column":47},"end":{"line":274,"column":5}},"line":266}},"branchMap":{"0":{"loc":{"start":{"line":110,"column":12},"end":{"line":139,"column":13}},"type":"if","locations":[{"start":{"line":110,"column":12},"end":{"line":139,"column":13}},{"start":{"line":110,"column":12},"end":{"line":139,"column":13}}],"line":110}},"s":{"0":1,"1":1,"2":2,"3":2,"4":1,"5":1,"6":2,"7":2,"8":1,"9":1,"10":2,"11":2,"12":1,"13":1,"14":2,"15":2,"16":1,"17":1,"18":2,"19":2,"20":1,"21":1,"22":2,"23":2,"24":1,"25":1,"26":2,"27":2,"28":1,"29":1,"30":2,"31":2,"32":1,"33":1,"34":2,"35":2,"36":1,"37":1,"38":3,"39":3,"40":1,"41":2,"42":2,"43":1,"44":2,"45":2,"46":1,"47":1,"48":2,"49":2,"50":1,"51":1,"52":2,"53":2,"54":1,"55":1,"56":2,"57":2,"58":1,"59":1,"60":2,"61":2,"62":1,"63":1,"64":2,"65":2,"66":2,"67":2,"68":1,"69":1,"70":2,"71":2,"72":2,"73":2,"74":1,"75":1,"76":2,"77":2,"78":1,"79":1,"80":2,"81":2,"82":1,"83":1,"84":2,"85":2,"86":1,"87":1,"88":2,"89":2,"90":1,"91":1,"92":2,"93":2,"94":1,"95":1,"96":1},"f":{"0":1,"1":2,"2":2,"3":2,"4":2,"5":2,"6":2,"7":2,"8":2,"9":2,"10":3,"11":2,"12":2,"13":2,"14":2,"15":2,"16":2,"17":2,"18":2,"19":2,"20":2,"21":2,"22":2},"b":{"0":[1,2]},"_coverageSchema":"332fd63041d2c1bcb487cc26dd0d5f7d97098a6c","hash":"1c6c43091b92b6554709dc7e271aa1c63ea793f1"}
}
