TN:
SF:/Users/chuckhagy/Projects/ch-backend/lib/respositories/EntityRepository.js
FN:2,(anonymous_0)
FN:7,(anonymous_1)
FN:16,(anonymous_2)
FN:25,(anonymous_3)
FN:35,(anonymous_4)
FN:46,(anonymous_5)
FN:55,(anonymous_6)
FN:72,(anonymous_7)
FN:84,(anonymous_8)
FN:95,(anonymous_9)
FN:107,(anonymous_10)
FN:146,(anonymous_11)
FN:156,(anonymous_12)
FN:167,(anonymous_13)
FN:178,(anonymous_14)
FN:190,(anonymous_15)
FN:199,(anonymous_16)
FN:211,(anonymous_17)
FN:225,(anonymous_18)
FN:236,(anonymous_19)
FN:246,(anonymous_20)
FN:256,(anonymous_21)
FN:266,(anonymous_22)
FNF:23
FNH:23
FNDA:1,(anonymous_0)
FNDA:2,(anonymous_1)
FNDA:2,(anonymous_2)
FNDA:2,(anonymous_3)
FNDA:2,(anonymous_4)
FNDA:2,(anonymous_5)
FNDA:2,(anonymous_6)
FNDA:2,(anonymous_7)
FNDA:2,(anonymous_8)
FNDA:2,(anonymous_9)
FNDA:3,(anonymous_10)
FNDA:2,(anonymous_11)
FNDA:2,(anonymous_12)
FNDA:2,(anonymous_13)
FNDA:2,(anonymous_14)
FNDA:2,(anonymous_15)
FNDA:2,(anonymous_16)
FNDA:2,(anonymous_17)
FNDA:2,(anonymous_18)
FNDA:2,(anonymous_19)
FNDA:2,(anonymous_20)
FNDA:2,(anonymous_21)
FNDA:2,(anonymous_22)
DA:3,1
DA:4,1
DA:8,2
DA:9,2
DA:10,1
DA:12,1
DA:17,2
DA:18,2
DA:19,1
DA:21,1
DA:26,2
DA:27,2
DA:28,1
DA:30,1
DA:36,2
DA:37,2
DA:38,1
DA:40,1
DA:47,2
DA:48,2
DA:49,1
DA:51,1
DA:56,2
DA:57,2
DA:66,1
DA:68,1
DA:73,2
DA:74,2
DA:77,1
DA:80,1
DA:85,2
DA:86,2
DA:88,1
DA:91,1
DA:96,2
DA:97,2
DA:100,1
DA:103,1
DA:108,3
DA:110,3
DA:111,1
DA:126,2
DA:140,2
DA:142,1
DA:147,2
DA:148,2
DA:149,1
DA:152,1
DA:157,2
DA:158,2
DA:160,1
DA:163,1
DA:168,2
DA:169,2
DA:171,1
DA:174,1
DA:179,2
DA:180,2
DA:182,1
DA:185,1
DA:191,2
DA:192,2
DA:193,1
DA:195,1
DA:200,2
DA:201,2
DA:202,2
DA:203,2
DA:204,1
DA:206,1
DA:212,2
DA:213,2
DA:214,2
DA:215,2
DA:219,1
DA:221,1
DA:226,2
DA:227,2
DA:230,1
DA:232,1
DA:237,2
DA:238,2
DA:239,1
DA:242,1
DA:247,2
DA:248,2
DA:249,1
DA:252,1
DA:257,2
DA:258,2
DA:259,1
DA:262,1
DA:267,2
DA:268,2
DA:269,1
DA:272,1
DA:278,1
LF:97
LH:97
BRDA:110,0,0,1
BRDA:110,0,1,2
BRF:2
BRH:2
end_of_record
