TN:
SF:/Users/chuckhagy/Projects/ch-backend/lib/resolvers/EntityResolver.js
FN:2,(anonymous_0)
FN:26,(anonymous_1)
FN:35,(anonymous_2)
FN:44,(anonymous_3)
FN:53,(anonymous_4)
FN:62,(anonymous_5)
FN:71,(anonymous_6)
FN:81,(anonymous_7)
FN:91,(anonymous_8)
FN:101,(anonymous_9)
FN:111,(anonymous_10)
FN:120,(anonymous_11)
FN:129,(anonymous_12)
FN:138,(anonymous_13)
FN:147,(anonymous_14)
FN:156,(anonymous_15)
FN:166,(anonymous_16)
FN:177,(anonymous_17)
FN:189,(anonymous_18)
FN:199,(anonymous_19)
FNF:20
FNH:20
FNDA:1,(anonymous_0)
FNDA:2,(anonymous_1)
FNDA:2,(anonymous_2)
FNDA:2,(anonymous_3)
FNDA:2,(anonymous_4)
FNDA:2,(anonymous_5)
FNDA:2,(anonymous_6)
FNDA:2,(anonymous_7)
FNDA:2,(anonymous_8)
FNDA:2,(anonymous_9)
FNDA:2,(anonymous_10)
FNDA:2,(anonymous_11)
FNDA:2,(anonymous_12)
FNDA:2,(anonymous_13)
FNDA:2,(anonymous_14)
FNDA:2,(anonymous_15)
FNDA:2,(anonymous_16)
FNDA:4,(anonymous_17)
FNDA:2,(anonymous_18)
FNDA:2,(anonymous_19)
DA:3,1
DA:4,1
DA:5,1
DA:6,1
DA:7,1
DA:8,1
DA:9,1
DA:10,1
DA:11,1
DA:12,1
DA:13,1
DA:14,1
DA:15,1
DA:16,1
DA:17,1
DA:18,1
DA:19,1
DA:20,1
DA:21,1
DA:22,1
DA:23,1
DA:27,2
DA:28,2
DA:29,1
DA:31,1
DA:36,2
DA:37,2
DA:38,1
DA:40,1
DA:45,2
DA:46,2
DA:47,1
DA:49,1
DA:54,2
DA:55,2
DA:56,1
DA:58,1
DA:63,2
DA:64,2
DA:65,1
DA:67,1
DA:72,2
DA:73,2
DA:74,2
DA:75,1
DA:77,1
DA:82,2
DA:83,2
DA:84,2
DA:85,1
DA:87,1
DA:92,2
DA:93,2
DA:94,2
DA:95,1
DA:97,1
DA:102,2
DA:103,2
DA:104,2
DA:105,1
DA:107,1
DA:112,2
DA:113,2
DA:114,1
DA:116,1
DA:121,2
DA:122,2
DA:123,1
DA:125,1
DA:130,2
DA:131,2
DA:132,1
DA:134,1
DA:139,2
DA:140,2
DA:141,1
DA:143,1
DA:148,2
DA:149,2
DA:150,1
DA:152,1
DA:157,2
DA:158,2
DA:159,1
DA:162,1
DA:167,2
DA:168,2
DA:169,1
DA:172,1
DA:178,4
DA:179,4
DA:180,4
DA:181,1
DA:183,3
DA:184,2
DA:185,1
DA:190,2
DA:191,2
DA:192,2
DA:193,1
DA:195,1
DA:200,2
DA:202,2
DA:203,2
DA:204,1
DA:206,1
DA:212,1
LF:107
LH:107
BRDA:183,0,0,1
BRDA:183,0,1,2
BRDA:184,1,0,1
BRDA:184,1,1,1
BRF:4
BRH:4
end_of_record
TN:
SF:/Users/chuckhagy/Projects/ch-backend/lib/respositories/EntityRepository.js
FN:2,(anonymous_0)
FN:7,(anonymous_1)
FN:16,(anonymous_2)
FN:25,(anonymous_3)
FN:35,(anonymous_4)
FN:46,(anonymous_5)
FN:55,(anonymous_6)
FN:72,(anonymous_7)
FN:84,(anonymous_8)
FN:95,(anonymous_9)
FN:107,(anonymous_10)
FN:146,(anonymous_11)
FN:156,(anonymous_12)
FN:167,(anonymous_13)
FN:178,(anonymous_14)
FN:190,(anonymous_15)
FN:199,(anonymous_16)
FN:211,(anonymous_17)
FN:225,(anonymous_18)
FN:236,(anonymous_19)
FN:246,(anonymous_20)
FN:256,(anonymous_21)
FN:266,(anonymous_22)
FNF:23
FNH:23
FNDA:1,(anonymous_0)
FNDA:2,(anonymous_1)
FNDA:2,(anonymous_2)
FNDA:2,(anonymous_3)
FNDA:2,(anonymous_4)
FNDA:2,(anonymous_5)
FNDA:2,(anonymous_6)
FNDA:2,(anonymous_7)
FNDA:2,(anonymous_8)
FNDA:2,(anonymous_9)
FNDA:3,(anonymous_10)
FNDA:2,(anonymous_11)
FNDA:2,(anonymous_12)
FNDA:2,(anonymous_13)
FNDA:2,(anonymous_14)
FNDA:2,(anonymous_15)
FNDA:2,(anonymous_16)
FNDA:2,(anonymous_17)
FNDA:2,(anonymous_18)
FNDA:2,(anonymous_19)
FNDA:2,(anonymous_20)
FNDA:2,(anonymous_21)
FNDA:2,(anonymous_22)
DA:3,1
DA:4,1
DA:8,2
DA:9,2
DA:10,1
DA:12,1
DA:17,2
DA:18,2
DA:19,1
DA:21,1
DA:26,2
DA:27,2
DA:28,1
DA:30,1
DA:36,2
DA:37,2
DA:38,1
DA:40,1
DA:47,2
DA:48,2
DA:49,1
DA:51,1
DA:56,2
DA:57,2
DA:66,1
DA:68,1
DA:73,2
DA:74,2
DA:77,1
DA:80,1
DA:85,2
DA:86,2
DA:88,1
DA:91,1
DA:96,2
DA:97,2
DA:100,1
DA:103,1
DA:108,3
DA:110,3
DA:111,1
DA:126,2
DA:140,2
DA:142,1
DA:147,2
DA:148,2
DA:149,1
DA:152,1
DA:157,2
DA:158,2
DA:160,1
DA:163,1
DA:168,2
DA:169,2
DA:171,1
DA:174,1
DA:179,2
DA:180,2
DA:182,1
DA:185,1
DA:191,2
DA:192,2
DA:193,1
DA:195,1
DA:200,2
DA:201,2
DA:202,2
DA:203,2
DA:204,1
DA:206,1
DA:212,2
DA:213,2
DA:214,2
DA:215,2
DA:219,1
DA:221,1
DA:226,2
DA:227,2
DA:230,1
DA:232,1
DA:237,2
DA:238,2
DA:239,1
DA:242,1
DA:247,2
DA:248,2
DA:249,1
DA:252,1
DA:257,2
DA:258,2
DA:259,1
DA:262,1
DA:267,2
DA:268,2
DA:269,1
DA:272,1
DA:278,1
LF:97
LH:97
BRDA:110,0,0,1
BRDA:110,0,1,2
BRF:2
BRH:2
end_of_record
